{"C:\\Users\\User\\Documents\\hi-nest\\src\\app.controller.ts": {"path":"C:\\Users\\User\\Documents\\hi-nest\\src\\app.controller.ts","statementMap":{"0":{"start":{"line":1,"column":0},"end":{"line":1,"column":49}},"1":{"start":{"line":4,"column":0},"end":{"line":11,"column":null}},"2":{"start":{"line":7,"column":8},"end":{"line":7,"column":null}},"3":{"start":{"line":6,"column":4},"end":{"line":8,"column":null}},"4":{"start":{"line":4,"column":13},"end":{"line":11,"column":null}},"5":{"start":{"line":4,"column":13},"end":{"line":4,"column":26}}},"fnMap":{"0":{"name":"(anonymous_2)","decl":{"start":{"line":6,"column":4},"end":{"line":6,"column":8}},"loc":{"start":{"line":6,"column":8},"end":{"line":8,"column":5}}}},"branchMap":{},"s":{"0":0,"1":0,"2":0,"3":0,"4":0,"5":0},"f":{"0":0},"b":{}}
,"C:\\Users\\User\\Documents\\hi-nest\\src\\app.module.ts": {"path":"C:\\Users\\User\\Documents\\hi-nest\\src\\app.module.ts","statementMap":{"0":{"start":{"line":1,"column":0},"end":{"line":1,"column":40}},"1":{"start":{"line":2,"column":0},"end":{"line":2,"column":54}},"2":{"start":{"line":3,"column":0},"end":{"line":3,"column":49}},"3":{"start":{"line":11,"column":0},"end":{"line":11,"column":null}},"4":{"start":{"line":11,"column":13},"end":{"line":11,"column":null}},"5":{"start":{"line":11,"column":13},"end":{"line":11,"column":22}}},"fnMap":{},"branchMap":{},"s":{"0":0,"1":0,"2":0,"3":0,"4":0,"5":0},"f":{},"b":{}}
,"C:\\Users\\User\\Documents\\hi-nest\\src\\main.ts": {"path":"C:\\Users\\User\\Documents\\hi-nest\\src\\main.ts","statementMap":{"0":{"start":{"line":1,"column":0},"end":{"line":1,"column":48}},"1":{"start":{"line":2,"column":0},"end":{"line":2,"column":43}},"2":{"start":{"line":3,"column":0},"end":{"line":3,"column":41}},"3":{"start":{"line":6,"column":14},"end":{"line":6,"column":49}},"4":{"start":{"line":7,"column":2},"end":{"line":12,"column":null}},"5":{"start":{"line":13,"column":2},"end":{"line":13,"column":25}},"6":{"start":{"line":15,"column":0},"end":{"line":15,"column":12}}},"fnMap":{"0":{"name":"bootstrap","decl":{"start":{"line":5,"column":15},"end":{"line":5,"column":24}},"loc":{"start":{"line":5,"column":24},"end":{"line":14,"column":1}}}},"branchMap":{},"s":{"0":0,"1":0,"2":0,"3":0,"4":0,"5":0,"6":0},"f":{"0":0},"b":{}}
,"C:\\Users\\User\\Documents\\hi-nest\\src\\movies\\movies.controller.ts": {"path":"C:\\Users\\User\\Documents\\hi-nest\\src\\movies\\movies.controller.ts","statementMap":{"0":{"start":{"line":1,"column":0},"end":{"line":1,"column":90}},"1":{"start":{"line":2,"column":0},"end":{"line":2,"column":49}},"2":{"start":{"line":3,"column":0},"end":{"line":3,"column":48}},"3":{"start":{"line":4,"column":0},"end":{"line":4,"column":56}},"4":{"start":{"line":5,"column":0},"end":{"line":5,"column":56}},"5":{"start":{"line":7,"column":0},"end":{"line":40,"column":null}},"6":{"start":{"line":9,"column":33},"end":{"line":9,"column":48}},"7":{"start":{"line":15,"column":8},"end":{"line":15,"column":43}},"8":{"start":{"line":20,"column":8},"end":{"line":20,"column":32}},"9":{"start":{"line":21,"column":8},"end":{"line":21,"column":46}},"10":{"start":{"line":26,"column":8},"end":{"line":26,"column":49}},"11":{"start":{"line":32,"column":8},"end":{"line":32,"column":53}},"12":{"start":{"line":37,"column":8},"end":{"line":37,"column":58}},"13":{"start":{"line":14,"column":4},"end":{"line":16,"column":null}},"14":{"start":{"line":19,"column":4},"end":{"line":22,"column":null}},"15":{"start":{"line":25,"column":4},"end":{"line":28,"column":null}},"16":{"start":{"line":31,"column":4},"end":{"line":33,"column":null}},"17":{"start":{"line":36,"column":4},"end":{"line":38,"column":6}},"18":{"start":{"line":7,"column":13},"end":{"line":40,"column":null}},"19":{"start":{"line":7,"column":13},"end":{"line":7,"column":29}}},"fnMap":{"0":{"name":"(anonymous_4)","decl":{"start":{"line":9,"column":4},"end":{"line":9,"column":33}},"loc":{"start":{"line":9,"column":61},"end":{"line":11,"column":5}}},"1":{"name":"(anonymous_5)","decl":{"start":{"line":14,"column":4},"end":{"line":14,"column":10}},"loc":{"start":{"line":14,"column":10},"end":{"line":16,"column":5}}},"2":{"name":"(anonymous_6)","decl":{"start":{"line":19,"column":4},"end":{"line":19,"column":10}},"loc":{"start":{"line":19,"column":34},"end":{"line":22,"column":5}}},"3":{"name":"(anonymous_7)","decl":{"start":{"line":25,"column":4},"end":{"line":25,"column":10}},"loc":{"start":{"line":25,"column":40},"end":{"line":28,"column":5}}},"4":{"name":"(anonymous_8)","decl":{"start":{"line":31,"column":4},"end":{"line":31,"column":10}},"loc":{"start":{"line":31,"column":38},"end":{"line":33,"column":5}}},"5":{"name":"(anonymous_9)","decl":{"start":{"line":36,"column":4},"end":{"line":36,"column":9}},"loc":{"start":{"line":36,"column":69},"end":{"line":38,"column":5}}}},"branchMap":{},"s":{"0":1,"1":1,"2":1,"3":1,"4":1,"5":1,"6":0,"7":0,"8":0,"9":0,"10":0,"11":0,"12":0,"13":1,"14":1,"15":1,"16":1,"17":1,"18":1,"19":1},"f":{"0":0,"1":0,"2":0,"3":0,"4":0,"5":0},"b":{}}
,"C:\\Users\\User\\Documents\\hi-nest\\src\\movies\\movies.module.ts": {"path":"C:\\Users\\User\\Documents\\hi-nest\\src\\movies\\movies.module.ts","statementMap":{"0":{"start":{"line":1,"column":0},"end":{"line":1,"column":40}},"1":{"start":{"line":2,"column":0},"end":{"line":2,"column":55}},"2":{"start":{"line":3,"column":0},"end":{"line":3,"column":49}},"3":{"start":{"line":10,"column":0},"end":{"line":10,"column":null}},"4":{"start":{"line":10,"column":13},"end":{"line":10,"column":null}},"5":{"start":{"line":10,"column":13},"end":{"line":10,"column":25}}},"fnMap":{},"branchMap":{},"s":{"0":0,"1":0,"2":0,"3":0,"4":0,"5":0},"f":{},"b":{}}
,"C:\\Users\\User\\Documents\\hi-nest\\src\\movies\\movies.service.ts": {"path":"C:\\Users\\User\\Documents\\hi-nest\\src\\movies\\movies.service.ts","statementMap":{"0":{"start":{"line":1,"column":0},"end":{"line":1,"column":63}},"1":{"start":{"line":8,"column":0},"end":{"line":42,"column":null}},"2":{"start":{"line":10,"column":12},"end":{"line":10,"column":33}},"3":{"start":{"line":13,"column":8},"end":{"line":13,"column":27}},"4":{"start":{"line":17,"column":22},"end":{"line":17,"column":64}},"5":{"start":{"line":17,"column":48},"end":{"line":17,"column":63}},"6":{"start":{"line":18,"column":8},"end":{"line":20,"column":null}},"7":{"start":{"line":19,"column":12},"end":{"line":19,"column":null}},"8":{"start":{"line":21,"column":8},"end":{"line":21,"column":null}},"9":{"start":{"line":25,"column":8},"end":{"line":25,"column":24}},"10":{"start":{"line":26,"column":8},"end":{"line":26,"column":64}},"11":{"start":{"line":26,"column":48},"end":{"line":26,"column":62}},"12":{"start":{"line":31,"column":8},"end":{"line":34,"column":11}},"13":{"start":{"line":38,"column":21},"end":{"line":38,"column":36}},"14":{"start":{"line":39,"column":8},"end":{"line":39,"column":27}},"15":{"start":{"line":40,"column":8},"end":{"line":40,"column":51}},"16":{"start":{"line":8,"column":13},"end":{"line":42,"column":null}},"17":{"start":{"line":8,"column":13},"end":{"line":8,"column":26}}},"fnMap":{"0":{"name":"(anonymous_1)","decl":{"start":{"line":8,"column":0},"end":{"line":8,"column":13}},"loc":{"start":{"line":8,"column":0},"end":{"line":42,"column":1}}},"1":{"name":"(anonymous_2)","decl":{"start":{"line":12,"column":4},"end":{"line":12,"column":10}},"loc":{"start":{"line":12,"column":10},"end":{"line":14,"column":5}}},"2":{"name":"(anonymous_3)","decl":{"start":{"line":16,"column":4},"end":{"line":16,"column":10}},"loc":{"start":{"line":16,"column":20},"end":{"line":22,"column":5}}},"3":{"name":"(anonymous_4)","decl":{"start":{"line":17,"column":39},"end":{"line":17,"column":44}},"loc":{"start":{"line":17,"column":48},"end":{"line":17,"column":63}}},"4":{"name":"(anonymous_5)","decl":{"start":{"line":24,"column":4},"end":{"line":24,"column":13}},"loc":{"start":{"line":24,"column":23},"end":{"line":28,"column":5}}},"5":{"name":"(anonymous_6)","decl":{"start":{"line":26,"column":40},"end":{"line":26,"column":45}},"loc":{"start":{"line":26,"column":48},"end":{"line":26,"column":62}}},"6":{"name":"(anonymous_7)","decl":{"start":{"line":30,"column":4},"end":{"line":30,"column":10}},"loc":{"start":{"line":30,"column":33},"end":{"line":35,"column":5}}},"7":{"name":"(anonymous_8)","decl":{"start":{"line":37,"column":4},"end":{"line":37,"column":10}},"loc":{"start":{"line":37,"column":48},"end":{"line":41,"column":5}}}},"branchMap":{"0":{"loc":{"start":{"line":18,"column":8},"end":{"line":20,"column":null}},"type":"if","locations":[{"start":{"line":18,"column":8},"end":{"line":20,"column":null}}]}},"s":{"0":2,"1":2,"2":9,"3":5,"4":8,"5":5,"6":8,"7":3,"8":5,"9":3,"10":2,"11":2,"12":4,"13":2,"14":1,"15":1,"16":2,"17":2},"f":{"0":9,"1":5,"2":8,"3":5,"4":3,"5":2,"6":4,"7":2},"b":{"0":[3]}}
,"C:\\Users\\User\\Documents\\hi-nest\\src\\movies\\dto\\create-movie.dto.ts": {"path":"C:\\Users\\User\\Documents\\hi-nest\\src\\movies\\dto\\create-movie.dto.ts","statementMap":{"0":{"start":{"line":1,"column":0},"end":{"line":1,"column":65}},"1":{"start":{"line":6,"column":4},"end":{"line":6,"column":null}},"2":{"start":{"line":8,"column":4},"end":{"line":8,"column":null}},"3":{"start":{"line":12,"column":4},"end":{"line":12,"column":null}},"4":{"start":{"line":3,"column":0},"end":{"line":3,"column":13}}},"fnMap":{},"branchMap":{},"s":{"0":1,"1":1,"2":1,"3":1,"4":1},"f":{},"b":{}}
,"C:\\Users\\User\\Documents\\hi-nest\\src\\movies\\dto\\update-movie.dto.ts": {"path":"C:\\Users\\User\\Documents\\hi-nest\\src\\movies\\dto\\update-movie.dto.ts","statementMap":{"0":{"start":{"line":2,"column":0},"end":{"line":2,"column":49}},"1":{"start":{"line":3,"column":0},"end":{"line":3,"column":52}},"2":{"start":{"line":4,"column":0},"end":{"line":4,"column":13}}},"fnMap":{},"branchMap":{},"s":{"0":1,"1":1,"2":1},"f":{},"b":{}}
,"C:\\Users\\User\\Documents\\hi-nest\\src\\movies\\entities\\movie.entity.ts": {"path":"C:\\Users\\User\\Documents\\hi-nest\\src\\movies\\entities\\movie.entity.ts","statementMap":{"0":{"start":{"line":1,"column":0},"end":{"line":1,"column":13}}},"fnMap":{},"branchMap":{},"s":{"0":1},"f":{},"b":{}}
}
